<?xml version="1.0" encoding="UTF-8"?>
<!-- Generated by org.testng.reporters.JUnitXMLReporter -->
<testsuite hostname="DESKTOP-F4DEVB3" ignored="0" name="Default test" tests="2" failures="0" timestamp="2023-01-06T16:32:41 IST" time="0.143" errors="0">
  <testcase name="m1" time="0.02" classname="com.aspire.FrameWork.TestNG_Assert.Hard_Assert_and_Soft_Assert"/>
  <testcase name="m2" time="0.017" classname="com.aspire.FrameWork.TestNG_Assert.Hard_Assert_and_Soft_Assert"/>
</testsuite> <!-- Default test -->
