<?xml version="1.0" encoding="UTF-8"?>
<!-- Generated by org.testng.reporters.JUnitXMLReporter -->
<testsuite hostname="DESKTOP-F4DEVB3" ignored="1" name="Test(failed)(failed)" tests="1" failures="0" timestamp="2022-11-18T15:33:07 IST" time="0.101" errors="0">
  <testcase name="m1" time="0.02" classname="com.aspire.FrameWork.TestNG_Assert.Hard_Assert_and_Soft_Assert"/>
  <testcase name="m2" time="0.0" classname="com.aspire.FrameWork.TestNG_Assert.Hard_Assert_and_Soft_Assert">
    <ignored/>
  </testcase> <!-- m2 -->
</testsuite> <!-- Test(failed)(failed) -->
