<?xml version="1.0" encoding="UTF-8"?>
<!-- Generated by org.testng.reporters.JUnitXMLReporter -->
<testsuite hostname="DESKTOP-F4DEVB3" ignored="6" name="Assert_Class" tests="2" failures="0" timestamp="2022-11-22T21:07:34 IST" time="0.133" errors="0">
  <testcase name="m6" time="0.025" classname="com.aspire.FrameWork.TestNG_Assert.Assert_CLass"/>
  <testcase name="m2" time="0.02" classname="com.aspire.FrameWork.TestNG_Assert.Assert_CLass"/>
  <testcase name="m5" time="0.0" classname="com.aspire.FrameWork.TestNG_Assert.Assert_CLass">
    <ignored/>
  </testcase> <!-- m5 -->
  <testcase name="m8" time="0.0" classname="com.aspire.FrameWork.TestNG_Assert.Assert_CLass">
    <ignored/>
  </testcase> <!-- m8 -->
  <testcase name="m3" time="0.0" classname="com.aspire.FrameWork.TestNG_Assert.Assert_CLass">
    <ignored/>
  </testcase> <!-- m3 -->
  <testcase name="m7" time="0.0" classname="com.aspire.FrameWork.TestNG_Assert.Assert_CLass">
    <ignored/>
  </testcase> <!-- m7 -->
  <testcase name="m1" time="0.0" classname="com.aspire.FrameWork.TestNG_Assert.Assert_CLass">
    <ignored/>
  </testcase> <!-- m1 -->
  <testcase name="m4" time="0.0" classname="com.aspire.FrameWork.TestNG_Assert.Assert_CLass">
    <ignored/>
  </testcase> <!-- m4 -->
</testsuite> <!-- Assert_Class -->
