<?xml version="1.0" encoding="UTF-8"?>
<!-- Generated by org.testng.reporters.JUnitXMLReporter -->
<testsuite hostname="DESKTOP-F4DEVB3" ignored="0" name="Test" tests="4" failures="0" timestamp="2022-11-29T16:52:36 IST" time="19.077" errors="0">
  <testcase name="TitalValidation" time="1.732" classname="com.aspire.FrameWork.POM_PageFactory_DDF_TestNG.TestClass_TestNG"/>
  <testcase name="CheckBoxValidation" time="0.106" classname="com.aspire.FrameWork.POM_PageFactory_DDF_TestNG.TestClass_TestNG"/>
  <testcase name="LogInValidation" time="7.909" classname="com.aspire.FrameWork.POM_PageFactory_DDF_TestNG.TestClass_TestNG"/>
  <testcase name="LogoValidation" time="0.526" classname="com.aspire.FrameWork.POM_PageFactory_DDF_TestNG.TestClass_TestNG"/>
</testsuite> <!-- Test -->
