<?xml version="1.0" encoding="UTF-8"?>
<!-- Generated by org.testng.reporters.JUnitXMLReporter -->
<testsuite hostname="DESKTOP-F4DEVB3" ignored="1" name="Test(failed)" tests="1" failures="1" timestamp="2022-11-18T15:32:19 IST" time="0.125" errors="0">
  <testcase name="m1" time="0.03" classname="com.aspire.FrameWork.TestNG_Assert.Hard_Assert_and_Soft_Assert">
    <failure type="java.lang.AssertionError" message="if fails then give equal string value expected [efgh] but found [abcd]">
      <![CDATA[java.lang.AssertionError: if fails then give equal string value expected [efgh] but found [abcd]
at com.aspire.FrameWork.TestNG_Assert.Hard_Assert_and_Soft_Assert.m1(Hard_Assert_and_Soft_Assert.java:24)
at java.util.ArrayList.forEach(ArrayList.java:1259)
... Removed 32 stack frames]]>
    </failure>
  </testcase> <!-- m1 -->
  <testcase name="m2" time="0.0" classname="com.aspire.FrameWork.TestNG_Assert.Hard_Assert_and_Soft_Assert">
    <ignored/>
  </testcase> <!-- m2 -->
</testsuite> <!-- Test(failed) -->
